C51 COMPILER V9.57.0.0   BSP_LCD1603                                                       12/23/2022 10:19:06 PAGE 1   


C51 COMPILER V9.57.0.0, COMPILATION OF MODULE BSP_LCD1603
OBJECT MODULE PLACED IN .\Objects\bsp_lcd1603.obj
COMPILER INVOKED BY: E:\Keil\C51\BIN\C51.EXE Hardware\src\bsp_lcd1603.c LARGE OPTIMIZE(8,SPEED) BROWSE INCDIR(.\Hardware
                    -\inc;..\computer_51) DEBUG OBJECTEXTEND PRINT(.\Listings\bsp_lcd1603.lst) TABS(2) OBJECT(.\Objects\bsp_lcd1603.obj)

line level    source

   1          #include "bsp_lcd1603.h"
   2          
   3          void write_com(uint8_t com)
   4          {
   5   1          while (BusyTest() == 1)
   6   1              ;
   7   1          rs = 0;
   8   1          rw = 0;
   9   1          lcden = 0;
  10   1          _nop_();
  11   1          _nop_();
  12   1          Data_Port = com;
  13   1          _nop_();
  14   1          _nop_();
  15   1          _nop_();
  16   1          _nop_();
  17   1          lcden = 1;
  18   1          _nop_();
  19   1          _nop_();
  20   1          _nop_();
  21   1          _nop_();
  22   1          lcden = 0;
  23   1      }
  24          void write_date(uint8_t date)
  25          {
  26   1          while (BusyTest() == 1)
  27   1              ;
  28   1      
  29   1          rs = 1;
  30   1          rw = 0;
  31   1          lcden = 0;
  32   1      
  33   1          Data_Port = date; // 将数据送入 P0 口，即将数据写入液晶模块
  34   1          _nop_();
  35   1          _nop_();
  36   1          _nop_();
  37   1          _nop_();   // 空操作四个机器周期，给硬件反应时间
  38   1          lcden = 1; // lcden 置高电平
  39   1          _nop_();
  40   1          _nop_();
  41   1          _nop_();
  42   1          _nop_();   // 空操作四个机器周期，给硬件反应时间
  43   1          lcden = 0; // 当 lcden 由高电平跳变成低电平时，液晶模块开始执行命令
  44   1      }
  45          
  46          void lcd_computer_init()
  47          {
  48   1          while (BusyTest())
  49   1              ;
  50   1          write_com(0x38); // 0x38 用于计算器 两行  0x34用于时钟 一行
  51   1          while (BusyTest())
  52   1              ;
  53   1          write_com(0x0f); // 0x0f 用于计算器，0x0c用于时钟 光标和闪烁
  54   1          while (BusyTest())
C51 COMPILER V9.57.0.0   BSP_LCD1603                                                       12/23/2022 10:19:06 PAGE 2   

  55   1              ;
  56   1          write_com(0x06); // 自动增加 不平移
  57   1          while (BusyTest())
  58   1              ;
  59   1          write_com(0x01); // 清屏
  60   1      }
  61          
  62          static void lcd_delay(uint8_t x)
  63          {
  64   1          uint8_t a, b;
  65   1          for (a = x; a > 0; a--)
  66   1              for (b = 10; b > 0; b--)
  67   1                  ;
  68   1      }
  69          int BusyTest(void)
  70          {
  71   1          int result;
  72   1          rs = 0;
  73   1          rw = 1;    // 此时才可以读状态
  74   1          lcden = 1; // 此时才允许读写
  75   1          _nop_();
  76   1          _nop_();
  77   1          _nop_();
  78   1          _nop_();     // 四个空操作，给硬件反应时间
  79   1          result = bf; // 将忙碌标值赋值给result
  80   1          lcden = 0;
  81   1          return result;
  82   1      }
  83          
  84          void write_address(uint8_t x)
  85          {
  86   1      
  87   1          write_com(x | 0x80);
  88   1      
  89   1      }
  90          
  91          void back_home()
  92          {
  93   1          write_com(0x02);
  94   1      }
  95          void clear_screen()
  96          {
  97   1          write_com(0x01);
  98   1      }
  99          
 100          void move_cursor_left(int x)
 101          {
 102   1          int i;
 103   1          for (i = 1; i <= x; i++)
 104   1          {
 105   2              write_com(0x10);
 106   2          }
 107   1      }
 108          void move_cursor_right(int x)
 109          {
 110   1          int i;
 111   1          for (i = 1; i <= x; i++)
 112   1          {
 113   2              write_com(0x14);
 114   2          }
 115   1      }
 116          
C51 COMPILER V9.57.0.0   BSP_LCD1603                                                       12/23/2022 10:19:06 PAGE 3   

 117          void display(char *str, int len)
 118          {
 119   1          if (len <= 33) //'\0'也在其中
 120   1          {
 121   2              int i = 0;
 122   2              write_address(0x00);
 123   2              while (str[i] != '\0')
 124   2              {
 125   3                  if (i == 16)
 126   3                      write_address(0x40);
 127   3                  write_date(str[i]);
 128   3                  i++;
 129   3              }
 130   2          }
 131   1      }


MODULE INFORMATION:   STATIC OVERLAYABLE
   CODE SIZE        =    416    ----
   CONSTANT SIZE    =   ----    ----
   XDATA SIZE       =   ----      15
   PDATA SIZE       =   ----    ----
   DATA SIZE        =   ----    ----
   IDATA SIZE       =   ----    ----
   BIT SIZE         =   ----    ----
END OF MODULE INFORMATION.


C51 COMPILATION COMPLETE.  0 WARNING(S),  0 ERROR(S)
